Your branch is up to date with 'origin/master'.
On branch master
Your branch is up to date with 'origin/master'.

Untracked files:
	.local.git.out

nothing added to commit but untracked files present
M	upload.sh
Your branch is up to date with 'origin/master'.
Your branch is up to date with 'origin/master'.
[master b56bc1b] Commit
 1 file changed, 1 insertion(+)
M	.local.git.out
Your branch is up to date with 'origin/master'.
M	include/server.hh
M	src/server.cc
Your branch is up to date with 'origin/master'.
[master 499aa9c] Commit at 10:50:35 PM
 3 files changed, 42 insertions(+), 37 deletions(-)
 rewrite include/server.hh (86%)
M	.local.git.out
Your branch is up to date with 'origin/master'.
[master e4472f9] Commit at 12:08:59 AM
 1 file changed, 5 insertions(+)
o publish your local commits)
